('shape', (13233, 4096))
('bush shape', (13233,))
('KNN Results: ', {'score_time': array([0.0674839 , 0.04269695, 0.02582693]), 'fit_time': array([0.00900698, 0.02921295, 0.00819016]), 'test_precision': array([0.04232804, 0.03664921, 0.02873563]), 'test_f1': array([0.04371585, 0.03804348, 0.02857143]), 'test_recall': array([0.04519774, 0.03954802, 0.02840909])})
('KNN Results: ', {'score_time': array([0.04336405, 0.05840206, 0.04618406]), 'fit_time': array([0.02337098, 0.01496696, 0.01641393]), 'test_precision': array([0.04232804, 0.03664921, 0.02873563]), 'test_f1': array([0.04371585, 0.03804348, 0.02857143]), 'test_recall': array([0.04519774, 0.03954802, 0.02840909])})
('KNN Results: ', {'score_time': array([0.05008006, 0.05776596, 0.02665496]), 'fit_time': array([0.00732684, 0.02257299, 0.00750518]), 'test_precision': array([0.04232804, 0.03664921, 0.02873563]), 'test_f1': array([0.04371585, 0.03804348, 0.02857143]), 'test_recall': array([0.04519774, 0.03954802, 0.02840909])})
('KNN Results: ', {'score_time': array([0.0293119 , 0.02961016, 0.029212  ]), 'fit_time': array([0.00420213, 0.00390577, 0.00402904]), 'test_precision': array([0.06043956, 0.09444444, 0.06703911]), 'test_f1': array([0.06128134, 0.0952381 , 0.06760563]), 'test_recall': array([0.06214689, 0.0960452 , 0.06818182])})
('KNN Results: ', {'score_time': array([0.03505707, 0.03524685, 0.04391909]), 'fit_time': array([0.00380087, 0.00421405, 0.00443506]), 'test_precision': array([0.06043956, 0.09444444, 0.06703911]), 'test_f1': array([0.06128134, 0.0952381 , 0.06760563]), 'test_recall': array([0.06214689, 0.0960452 , 0.06818182])})
('KNN Results: ', {'score_time': array([0.03217697, 0.04736805, 0.03389716]), 'fit_time': array([0.01637506, 0.00387502, 0.00440788]), 'test_precision': array([0.06043956, 0.09444444, 0.06703911]), 'test_f1': array([0.06128134, 0.0952381 , 0.06760563]), 'test_recall': array([0.06214689, 0.0960452 , 0.06818182])})
('KNN Results: ', {'score_time': array([0.08236003, 0.17726707, 0.08026004]), 'fit_time': array([0.00505996, 0.00431705, 0.00544786]), 'test_precision': array([0.06976744, 0.05670103, 0.05181347]), 'test_f1': array([0.06876791, 0.05929919, 0.05420054]), 'test_recall': array([0.06779661, 0.06214689, 0.05681818])})
('KNN Results: ', {'score_time': array([0.09816504, 0.08654499, 0.08550286]), 'fit_time': array([0.00438094, 0.00492787, 0.00489306]), 'test_precision': array([0.06976744, 0.05670103, 0.05181347]), 'test_f1': array([0.06876791, 0.05929919, 0.05420054]), 'test_recall': array([0.06779661, 0.06214689, 0.05681818])})
('KNN Results: ', {'score_time': array([0.07656193, 0.06519318, 0.06464386]), 'fit_time': array([0.00458503, 0.00375891, 0.00374699]), 'test_precision': array([0.06976744, 0.05670103, 0.05181347]), 'test_f1': array([0.06876791, 0.05929919, 0.05420054]), 'test_recall': array([0.06779661, 0.06214689, 0.05681818])})
('KNN Results: ', {'score_time': array([0.40803003, 0.39570713, 0.40395284]), 'fit_time': array([0.00576997, 0.00514197, 0.00508118]), 'test_precision': array([0.10326087, 0.09045226, 0.1011236 ]), 'test_f1': array([0.10526316, 0.09574468, 0.10169492]), 'test_recall': array([0.10734463, 0.10169492, 0.10227273])})
('KNN Results: ', {'score_time': array([0.52427006, 0.51703811, 0.52686787]), 'fit_time': array([0.00629592, 0.00644898, 0.00633311]), 'test_precision': array([0.10326087, 0.09045226, 0.1011236 ]), 'test_f1': array([0.10526316, 0.09574468, 0.10169492]), 'test_recall': array([0.10734463, 0.10169492, 0.10227273])})
('KNN Results: ', {'score_time': array([0.41281295, 0.39816594, 0.40524793]), 'fit_time': array([0.0060811 , 0.00512099, 0.00510406]), 'test_precision': array([0.10326087, 0.09045226, 0.1011236 ]), 'test_f1': array([0.10526316, 0.09574468, 0.10169492]), 'test_recall': array([0.10734463, 0.10169492, 0.10227273])})
('KNN Results: ', {'score_time': array([4.14010596, 5.01109505, 4.940943  ]), 'fit_time': array([0.02677703, 0.02132201, 0.01210594]), 'test_precision': array([0.09278351, 0.10382514, 0.11881188]), 'test_f1': array([0.09703504, 0.10555556, 0.12698413]), 'test_recall': array([0.10169492, 0.10734463, 0.13636364])})
('KNN Results: ', {'score_time': array([2.0604651 , 2.02147889, 2.0599761 ]), 'fit_time': array([0.00880194, 0.00809908, 0.008003  ]), 'test_precision': array([0.09183673, 0.1027027 , 0.1182266 ]), 'test_f1': array([0.09651475, 0.10497238, 0.12664908]), 'test_recall': array([0.10169492, 0.10734463, 0.13636364])})
('KNN Results: ', {'score_time': array([2.06915498, 2.0177319 , 2.05704498]), 'fit_time': array([0.02551699, 0.00815105, 0.00801802]), 'test_precision': array([0.09230769, 0.1027027 , 0.11881188]), 'test_f1': array([0.09677419, 0.10497238, 0.12698413]), 'test_recall': array([0.10169492, 0.10734463, 0.13636364])})
('KNN Results: ', {'score_time': array([11.74998403,  8.9329772 ,  6.52106714]), 'fit_time': array([0.01670098, 0.03006101, 0.01481485]), 'test_precision': array([0.13065327, 0.15228426, 0.1352657 ]), 'test_f1': array([0.13829787, 0.16042781, 0.1462141 ]), 'test_recall': array([0.14689266, 0.16949153, 0.15909091])})
('KNN Results: ', {'score_time': array([6.50449085, 6.465379  , 6.57142401]), 'fit_time': array([0.03423905, 0.01487589, 0.01464391]), 'test_precision': array([0.135     , 0.15544041, 0.1372549 ]), 'test_f1': array([0.14323607, 0.16216216, 0.14736842]), 'test_recall': array([0.15254237, 0.16949153, 0.15909091])})
('KNN Results: ', {'score_time': array([8.00319695, 9.78624606, 6.42830014]), 'fit_time': array([0.01662207, 0.01879001, 0.01478195]), 'test_precision': array([0.12820513, 0.14948454, 0.13942308]), 'test_f1': array([0.1344086 , 0.15633423, 0.15104167]), 'test_recall': array([0.14124294, 0.16384181, 0.16477273])})
('KNN Results: ', {'score_time': array([22.21253991, 22.44505   , 37.35515118]), 'fit_time': array([0.03397107, 0.03123593, 0.03423691]), 'test_precision': array([0.13392857, 0.17277487, 0.15137615]), 'test_f1': array([0.14962594, 0.17934783, 0.16751269]), 'test_recall': array([0.16949153, 0.18644068, 0.1875    ])})
('KNN Results: ', {'score_time': array([21.39145899, 21.26257181, 21.60150599]), 'fit_time': array([0.05910087, 0.0305481 , 0.03063202]), 'test_precision': array([0.12888889, 0.17112299, 0.15492958]), 'test_f1': array([0.14427861, 0.17582418, 0.16966581]), 'test_recall': array([0.16384181, 0.18079096, 0.1875    ])})
('KNN Results: ', {'score_time': array([28.19470119, 27.24432516, 49.87223411]), 'fit_time': array([0.06856489, 0.03934598, 0.03924203]), 'test_precision': array([0.12831858, 0.16145833, 0.15525114]), 'test_f1': array([0.1439206 , 0.16802168, 0.1721519 ]), 'test_recall': array([0.16384181, 0.17514124, 0.19318182])})
('KNN Results: ', {'score_time': array([38.49900818, 38.44390488, 49.00871015]), 'fit_time': array([0.08595204, 0.06982899, 0.06981802]), 'test_precision': array([0.11848341, 0.15730337, 0.15525114]), 'test_f1': array([0.12886598, 0.15774648, 0.1721519 ]), 'test_recall': array([0.14124294, 0.15819209, 0.19318182])})
('KNN Results: ', {'score_time': array([41.08467817, 38.08663297, 49.63123012]), 'fit_time': array([0.11453295, 0.06817889, 0.06758595]), 'test_precision': array([0.10798122, 0.16571429, 0.15137615]), 'test_f1': array([0.11794872, 0.16477273, 0.16751269]), 'test_recall': array([0.1299435 , 0.16384181, 0.1875    ])})
('KNN Results: ', {'score_time': array([37.76866603, 37.26948786, 37.35866094]), 'fit_time': array([0.0758431 , 0.06864023, 0.06912208]), 'test_precision': array([0.10900474, 0.15730337, 0.15137615]), 'test_f1': array([0.1185567 , 0.15774648, 0.16751269]), 'test_recall': array([0.1299435 , 0.15819209, 0.1875    ])})
('KNN Results: ', {'score_time': array([89.08941483, 89.04991913, 79.90641904]), 'fit_time': array([0.208606  , 0.19919395, 0.1878438 ]), 'test_precision': array([0.1182266 , 0.17834395, 0.14090909]), 'test_f1': array([0.12631579, 0.16766467, 0.15656566]), 'test_recall': array([0.13559322, 0.15819209, 0.17613636])})
('KNN Results: ', {'score_time': array([76.30875397, 86.55291891, 90.85628986]), 'fit_time': array([0.38415003, 0.22408915, 0.26345611]), 'test_precision': array([0.13043478, 0.1835443 , 0.14220183]), 'test_f1': array([0.140625  , 0.17313433, 0.15736041]), 'test_recall': array([0.15254237, 0.16384181, 0.17613636])})
('KNN Results: ', {'score_time': array([87.35300589, 80.55906487, 81.39061809]), 'fit_time': array([0.23845005, 0.23311305, 0.23622203]), 'test_precision': array([0.12745098, 0.18012422, 0.13888889]), 'test_f1': array([0.13648294, 0.17159763, 0.15306122]), 'test_recall': array([0.14689266, 0.16384181, 0.17045455])})
('KNN Results: ', {'score_time': array([170.14700389, 165.90983415, 156.40086293]), 'fit_time': array([0.74039912, 0.51822901, 0.52207708]), 'test_precision': array([0.12621359, 0.19047619, 0.1407767 ]), 'test_f1': array([0.13577023, 0.17283951, 0.15183246]), 'test_recall': array([0.14689266, 0.15819209, 0.16477273])})
('KNN Results: ', {'score_time': array([148.24278998, 153.83359289, 154.65719485]), 'fit_time': array([0.43677711, 0.41979909, 0.49859905]), 'test_precision': array([0.12621359, 0.18881119, 0.13679245]), 'test_f1': array([0.13577023, 0.16875   , 0.14948454]), 'test_recall': array([0.14689266, 0.15254237, 0.16477273])})
('KNN Results: ', {'score_time': array([162.83900189, 174.94418311, 136.91964293]), 'fit_time': array([0.43807793, 0.50007701, 0.41727901]), 'test_precision': array([0.125     , 0.1875    , 0.14485981]), 'test_f1': array([0.13506494, 0.1682243 , 0.15897436]), 'test_recall': array([0.14689266, 0.15254237, 0.17613636])})
('KNN Results: ', {'score_time': array([248.90368485, 256.89950085, 320.4526391 ]), 'fit_time': array([1.80588818, 1.05385613, 1.27033591]), 'test_precision': array([0.12376238, 0.17647059, 0.15346535]), 'test_f1': array([0.13192612, 0.15335463, 0.16402116]), 'test_recall': array([0.14124294, 0.13559322, 0.17613636])})
('KNN Results: ', {'score_time': array([248.01798391, 263.38057303, 265.16258192]), 'fit_time': array([1.09098005, 1.08377814, 1.06880116]), 'test_precision': array([0.12254902, 0.17391304, 0.15270936]), 'test_f1': array([0.1312336 , 0.15238095, 0.16358839]), 'test_recall': array([0.14124294, 0.13559322, 0.17613636])})
('KNN Results: ', {'score_time': array([318.75049305, 326.35521698, 350.37974977]), 'fit_time': array([1.085006  , 2.03021407, 1.1978991 ]), 'test_precision': array([0.12254902, 0.17391304, 0.15609756]), 'test_f1': array([0.1312336 , 0.15238095, 0.167979  ]), 'test_recall': array([0.14124294, 0.13559322, 0.18181818])})
('KNN Results: ', {'score_time': array([556.33079696, 551.21814704, 520.8957448 ]), 'fit_time': array([2.54874301, 2.40875387, 2.41882706]), 'test_precision': array([0.11616162, 0.17910448, 0.16243655]), 'test_f1': array([0.12266667, 0.15434084, 0.17158177]), 'test_recall': array([0.1299435 , 0.13559322, 0.18181818])})
('KNN Results: ', {'score_time': array([596.52690196, 625.26917195, 500.75660396]), 'fit_time': array([2.14297199, 3.92654514, 2.37362409]), 'test_precision': array([0.11616162, 0.17777778, 0.16243655]), 'test_f1': array([0.12266667, 0.15384615, 0.17158177]), 'test_recall': array([0.1299435 , 0.13559322, 0.18181818])})
('KNN Results: ', {'score_time': array([548.71709704, 557.48909497, 535.19450998]), 'fit_time': array([2.16545701, 2.15696812, 2.27312994]), 'test_precision': array([0.11675127, 0.17910448, 0.16161616]), 'test_f1': array([0.12299465, 0.15434084, 0.17112299]), 'test_recall': array([0.1299435 , 0.13559322, 0.18181818])})
('KNN Results: ', {'score_time': array([ 941.87558699,  927.94335794, 1106.79664683]), 'fit_time': array([2.85788417, 2.84359407, 2.85977507]), 'test_precision': array([0.12182741, 0.17910448, 0.15228426]), 'test_f1': array([0.12834225, 0.15434084, 0.16085791]), 'test_recall': array([0.13559322, 0.13559322, 0.17045455])})
('KNN Results: ', {'score_time': array([ 969.46416807, 1199.33187008,  988.21226192]), 'fit_time': array([2.92217588, 3.41538   , 4.03856707]), 'test_precision': array([0.12182741, 0.17910448, 0.15228426]), 'test_f1': array([0.12834225, 0.15434084, 0.16085791]), 'test_recall': array([0.13559322, 0.13559322, 0.17045455])})
('KNN Results: ', {'score_time': array([ 984.67211723,  974.75296593, 1098.90551686]), 'fit_time': array([2.98611879, 3.06521702, 2.97174311]), 'test_precision': array([0.12182741, 0.17910448, 0.15228426]), 'test_f1': array([0.12834225, 0.15434084, 0.16085791]), 'test_recall': array([0.13559322, 0.13559322, 0.17045455])})
('For C value in Linear', 1)
('Variable C in Linear', {'score_time': array([0.0901041 , 0.07306004, 0.07628608]), 'fit_time': array([0.72906184, 0.62521887, 0.60186291]), 'test_precision': array([0., 0., 0.]), 'test_f1': array([0., 0., 0.]), 'test_recall': array([0., 0., 0.])})
('For C value in Linear', 10)
('Variable C in Linear', {'score_time': array([0.07314396, 0.0708971 , 0.10850596]), 'fit_time': array([712.850986  , 547.88126802, 625.87069106]), 'test_precision': array([0., 0., 0.]), 'test_f1': array([0., 0., 0.]), 'test_recall': array([0., 0., 0.])})
('For C value in Linear', 50)
('Variable C in Linear', {'score_time': array([0.09649086, 0.07435393, 0.07326078]), 'fit_time': array([621.47233105, 561.36306   , 458.87920713]), 'test_precision': array([0., 0., 0.]), 'test_f1': array([0., 0., 0.]), 'test_recall': array([0., 0., 0.])})
('For C value in Linear', 100)
('Variable C in Linear', {'score_time': array([0.07146502, 0.07070684, 0.08773422]), 'fit_time': array([331.80876994, 396.092659  , 320.22401786]), 'test_precision': array([0., 0., 0.]), 'test_f1': array([0., 0., 0.]), 'test_recall': array([0., 0., 0.])})
('For C value in Linear', 150)
('Variable C in Linear', {'score_time': array([0.07386708, 0.0709281 , 0.07089496]), 'fit_time': array([268.02654386, 330.68309188, 191.24942803]), 'test_precision': array([0., 0., 0.]), 'test_f1': array([0., 0., 0.]), 'test_recall': array([0., 0., 0.])})
('For C value in Linear', 200)
('Variable C in Linear', {'score_time': array([0.2031672 , 0.07500482, 0.12341619]), 'fit_time': array([226.49421   , 252.43945408, 203.98607683]), 'test_precision': array([0., 0., 0.]), 'test_f1': array([0., 0., 0.]), 'test_recall': array([0., 0., 0.])})
('For C value in Linear', 250)
('Variable C in Linear', {'score_time': array([0.0700469 , 0.07034898, 0.070714  ]), 'fit_time': array([227.25529003, 136.09035587, 131.85989904]), 'test_precision': array([0., 0., 0.]), 'test_f1': array([0., 0., 0.]), 'test_recall': array([0., 0., 0.])})
('For C value in Linear', 300)
('Variable C in Linear', {'score_time': array([0.120682  , 0.17317986, 0.07268906]), 'fit_time': array([122.81428409, 198.93779612, 234.58143091]), 'test_precision': array([0., 0., 0.]), 'test_f1': array([0., 0., 0.]), 'test_recall': array([0., 0., 0.])})
('For C value in Linear', 350)
('Variable C in Linear', {'score_time': array([0.07112598, 0.07034993, 0.07087111]), 'fit_time': array([144.34464622, 161.40304494, 116.48352194]), 'test_precision': array([0., 0., 0.]), 'test_f1': array([0., 0., 0.]), 'test_recall': array([0., 0., 0.])})
('For C value in Linear', 400)
('Variable C in Linear', {'score_time': array([0.07066894, 0.07154512, 0.07086897]), 'fit_time': array([114.89618707, 179.56122208, 182.32302999]), 'test_precision': array([0., 0., 0.]), 'test_f1': array([0., 0., 0.]), 'test_recall': array([0., 0., 0.])})
('For C value in Linear', 450)
('Variable C in Linear', {'score_time': array([0.07281613, 0.0736351 , 0.09068513]), 'fit_time': array([141.20405293, 203.34161901, 203.19875288]), 'test_precision': array([0., 0., 0.]), 'test_f1': array([0., 0., 0.]), 'test_recall': array([0., 0., 0.])})
('For C value in Linear', 500)
('Variable C in Linear', {'score_time': array([0.13626885, 0.07580495, 0.09682202]), 'fit_time': array([160.16667318, 201.79178309, 159.68611693]), 'test_precision': array([0., 0., 0.]), 'test_f1': array([0., 0., 0.]), 'test_recall': array([0., 0., 0.])})
('For C value in Linear', 600)
('Variable C in Linear', {'score_time': array([0.22664213, 0.082165  , 0.07055116]), 'fit_time': array([240.31203485, 172.71605802, 208.53461099]), 'test_precision': array([0., 0., 0.]), 'test_f1': array([0., 0., 0.]), 'test_recall': array([0., 0., 0.])})
('For C value in Linear', 700)
('Variable C in Linear', {'score_time': array([0.07070994, 0.07419491, 0.07942295]), 'fit_time': array([145.4542141 , 181.67391109, 238.95113206]), 'test_precision': array([0., 0., 0.]),