('shape', (13233, 4096))
('williams shape', (13233,))
('CV for PCA', 1)
('KNN Results: ', {'score_time': array([0.06409502, 0.06283283, 0.05023408]), 'fit_time': array([0.03215408, 0.01775718, 0.02110195]), 'test_precision': array([0.        , 0.        , 0.03571429]), 'test_f1': array([0.        , 0.        , 0.04444444]), 'test_recall': array([0.        , 0.        , 0.05882353])})
('KNN Results: ', {'score_time': array([0.06813407, 0.03328705, 0.02147102]), 'fit_time': array([0.0194819 , 0.01372194, 0.00553989]), 'test_precision': array([0., 0., 0.]), 'test_f1': array([0., 0., 0.]), 'test_recall': array([0., 0., 0.])})
('KNN Results: ', {'score_time': array([0.02401304, 0.02400517, 0.02399707]), 'fit_time': array([0.00598693, 0.00639582, 0.00554299]), 'test_precision': array([0., 0., 0.]), 'test_f1': array([0., 0., 0.]), 'test_recall': array([0., 0., 0.])})
('CV for PCA', 2)
('KNN Results: ', {'score_time': array([0.09077501, 0.07406807, 0.06039619]), 'fit_time': array([0.01727295, 0.01964688, 0.02003789]), 'test_precision': array([0.08333333, 0.        , 0.05263158]), 'test_f1': array([0.06666667, 0.        , 0.05555556]), 'test_recall': array([0.05555556, 0.        , 0.05882353])})
('KNN Results: ', {'score_time': array([0.07178688, 0.03970194, 0.04074907]), 'fit_time': array([0.00397706, 0.00508499, 0.004637  ]), 'test_precision': array([0., 0., 0.]), 'test_f1': array([0., 0., 0.]), 'test_recall': array([0., 0., 0.])})
('KNN Results: ', {'score_time': array([0.04600906, 0.06788707, 0.06006002]), 'fit_time': array([0.00413704, 0.00395584, 0.00376606]), 'test_precision': array([0., 0., 0.]), 'test_f1': array([0., 0., 0.]), 'test_recall': array([0., 0., 0.])})
('CV for PCA', 4)
('KNN Results: ', {'score_time': array([0.15491199, 0.10223103, 0.1019268 ]), 'fit_time': array([0.00473905, 0.01424098, 0.00563216]), 'test_precision': array([0.15789474, 0.07142857, 0.08333333]), 'test_f1': array([0.16216216, 0.06451613, 0.09756098]), 'test_recall': array([0.16666667, 0.05882353, 0.11764706])})
('KNN Results: ', {'score_time': array([0.167907  , 0.1734519 , 0.14296103]), 'fit_time': array([0.0062499 , 0.00445294, 0.00442696]), 'test_precision': array([0., 0., 0.]), 'test_f1': array([0., 0., 0.]), 'test_recall': array([0., 0., 0.])})
('KNN Results: ', {'score_time': array([0.13519788, 0.26384687, 0.24819613]), 'fit_time': array([0.00433612, 0.00448513, 0.00556207]), 'test_precision': array([0., 0., 0.]), 'test_f1': array([0., 0., 0.]), 'test_recall': array([0., 0., 0.])})
('CV for PCA', 8)
('KNN Results: ', {'score_time': array([1.481668  , 0.58762908, 0.41658592]), 'fit_time': array([0.03554106, 0.01568604, 0.00513196]), 'test_precision': array([0.15384615, 0.1       , 0.15789474]), 'test_f1': array([0.12903226, 0.07407407, 0.16666667]), 'test_recall': array([0.11111111, 0.05882353, 0.17647059])})
('KNN Results: ', {'score_time': array([0.97165012, 1.58646703, 1.19349504]), 'fit_time': array([0.00517082, 0.00763702, 0.00588989]), 'test_precision': array([0., 0., 0.]), 'test_f1': array([0., 0., 0.]), 'test_recall': array([0., 0., 0.])})
('KNN Results: ', {'score_time': array([1.00670195, 1.57226706, 1.59108305]), 'fit_time': array([0.00724912, 0.00744987, 0.01875496]), 'test_precision': array([0., 0., 0.]), 'test_f1': array([0., 0., 0.]), 'test_recall': array([0., 0., 0.])})
('CV for PCA', 16)
('KNN Results: ', {'score_time': array([3.68764615, 3.82919598, 3.37829208]), 'fit_time': array([0.00900006, 0.00940704, 0.03060794]), 'test_precision': array([0.3       , 0.14285714, 0.26666667]), 'test_f1': array([0.21428571, 0.08333333, 0.25      ]), 'test_recall': array([0.16666667, 0.05882353, 0.23529412])})
('KNN Results: ', {'score_time': array([4.60352898, 2.692904  , 4.7713542 ]), 'fit_time': array([0.00991607, 0.01018906, 0.00797081]), 'test_precision': array([0. , 0.5, 1. ]), 'test_f1': array([0.        , 0.10526316, 0.11111111]), 'test_recall': array([0.        , 0.05882353, 0.05882353])})
('KNN Results: ', {'score_time': array([4.32493401, 7.75280094, 4.75165606]), 'fit_time': array([0.00810695, 0.02047801, 0.01018715]), 'test_precision': array([0., 0., 1.]), 'test_f1': array([0.        , 0.        , 0.11111111]), 'test_recall': array([0.        , 0.        , 0.05882353])})
('CV for PCA', 32)
('KNN Results: ', {'score_time': array([ 7.69877791,  9.24204779, 10.7586019 ]), 'fit_time': array([0.03752995, 0.01459002, 0.01823306]), 'test_precision': array([0.44444444, 0.28571429, 0.2       ]), 'test_f1': array([0.2962963 , 0.16666667, 0.1875    ]), 'test_recall': array([0.22222222, 0.11764706, 0.17647059])})
('KNN Results: ', {'score_time': array([11.84556699, 11.39838195, 12.74606109]), 'fit_time': array([0.01470017, 0.029212  , 0.01856995]), 'test_precision': array([0. , 0. , 0.5]), 'test_f1': array([0.        , 0.        , 0.10526316]), 'test_recall': array([0.        , 0.        , 0.05882353])})
('KNN Results: ', {'score_time': array([ 9.82252192,  9.97362804, 11.85604286]), 'fit_time': array([0.01898503, 0.01897216, 0.01865506]), 'test_precision': array([0., 0., 0.]), 'test_f1': array([0., 0., 0.]), 'test_recall': array([0., 0., 0.])})
('CV for PCA', 64)
('KNN Results: ', {'score_time': array([28.84119415, 24.853297  , 31.1126349 ]), 'fit_time': array([0.03644991, 0.03150582, 0.03158689]), 'test_precision': array([0.22222222, 0.28571429, 0.41666667]), 'test_f1': array([0.14814815, 0.16666667, 0.34482759]), 'test_recall': array([0.11111111, 0.11764706, 0.29411765])})
('KNN Results: ', {'score_time': array([38.65668702, 25.86298203, 25.80025887]), 'fit_time': array([0.0554719, 0.0305171, 0.0306251]), 'test_precision': array([0., 0., 0.]), 'test_f1': array([0., 0., 0.]), 'test_recall': array([0., 0., 0.])})
('KNN Results: ', {'score_time': array([36.146806  , 25.34627604, 29.35817289]), 'fit_time': array([0.03118205, 0.03012514, 0.02998805]), 'test_precision': array([0., 0., 0.]), 'test_f1': array([0., 0., 0.]), 'test_recall': array([0., 0., 0.])})
('CV for PCA', 128)
('KNN Results: ', {'score_time': array([52.19073296, 43.40640903, 56.73857093]), 'fit_time': array([0.0796001 , 0.07435608, 0.07182503]), 'test_precision': array([0.5       , 0.28571429, 0.38461538]), 'test_f1': array([0.18181818, 0.16666667, 0.33333333]), 'test_recall': array([0.11111111, 0.11764706, 0.29411765])})
('KNN Results: ', {'score_time': array([66.15436912, 55.53862286, 62.16706896]), 'fit_time': array([0.22359109, 0.08520198, 0.11181307]), 'test_precision': array([0., 0., 1.]), 'test_f1': array([0.        , 0.        , 0.11111111]), 'test_recall': array([0.        , 0.        , 0.05882353])})
('KNN Results: ', {'score_time': array([45.77068901, 45.5356009 , 69.42488909]), 'fit_time': array([0.07160711, 0.07185507, 0.07084894]), 'test_precision': array([0., 0., 0.]), 'test_f1': array([0., 0., 0.]), 'test_recall': array([0., 0., 0.])})
('CV for PCA', 256)
('KNN Results: ', {'score_time': array([ 78.005476  ,  75.94099617, 108.11149096]), 'fit_time': array([0.20425296, 0.25466299, 0.18611002]), 'test_precision': array([0.5 , 0.25, 0.5 ]), 'test_f1': array([0.18181818, 0.16      , 0.37037037]), 'test_recall': array([0.11111111, 0.11764706, 0.29411765])})
('KNN Results: ', {'score_time': array([ 76.35718513,  94.89656901, 121.88972998]), 'fit_time': array([0.19732499, 0.20863605, 0.23527503]), 'test_precision': array([0., 0., 1.]), 'test_f1': array([0.        , 0.        , 0.11111111]), 'test_recall': array([0.        , 0.        , 0.05882353])})
('KNN Results: ', {'score_time': array([ 88.35834408,  85.52562404, 123.37791181]), 'fit_time': array([0.46550894, 0.19514894, 0.20152521]), 'test_precision': array([0., 0., 0.]), 'test_f1': array([0., 0., 0.]), 'test_recall': array([0., 0., 0.])})
('CV for PCA', 512)
('KNN Results: ', {'score_time': array([159.12126708, 145.56106591, 134.09004092]), 'fit_time': array([0.54401398, 0.53834605, 0.44714403]), 'test_precision': array([0.66666667, 0.25      , 0.5       ]), 'test_f1': array([0.19047619, 0.16      , 0.32      ]), 'test_recall': array([0.11111111, 0.11764706, 0.23529412])})
('KNN Results: ', {'score_time': array([175.11773419, 161.13475204, 158.88226008]), 'fit_time': array([0.44470692, 0.54642797, 0.4688499 ]), 'test_precision': array([0., 0., 0.]), 'test_f1': array([0., 0., 0.]), 'test_recall': array([0., 0., 0.])})
('KNN Results: ', {'score_time': array([180.92603683, 180.71299696, 159.32813191]), 'fit_time': array([0.50314021, 0.44341707, 0.52270913]), 'test_precision': array([0., 0., 0.]), 'test_f1': array([0., 0., 0.]), 'test_recall': array([0., 0., 0.])})
('CV for PCA', 1024)
('KNN Results: ', {'score_time': array([289.59240699, 261.86870694, 305.78168201]), 'fit_time': array([0.96672201, 0.988693  , 0.98276711]), 'test_precision': array([0.66666667, 0.14285714, 0.5       ]), 'test_f1': array([0.19047619, 0.08333333, 0.32      ]), 'test_recall': array([0.11111111, 0.05882353, 0.23529412])})
('KNN Results: ', {'score_time': array([298.48614788, 271.22059512, 292.23151708]), 'fit_time': array([1.86986303, 0.9846468 , 0.98904896]), 'test_precision': array([0., 0., 0.]), 'test_f1': array([0., 0., 0.]), 'test_recall': array([0., 0., 0.])})
('KNN Results: ', {'score_time': array([292.17361212, 310.83866215, 324.18298197]), 'fit_time': array([1.14391994, 1.12231183, 0.97934508]), 'test_precision': array([0., 0., 0.]), 'test_f1': array([0., 0., 0.]), 'test_recall': array([0., 0., 0.])})
('CV for PCA', 2048)
('KNN Results: ', {'score_time': array([549.43562698, 540.96173286, 528.76417303]), 'fit_time': array([3.70336294, 2.34839606, 2.33822799]), 'test_precision': array([0.66666667, 0.16666667, 0.5       ]), 'test_f1': array([0.19047619, 0.08695652, 0.32      ]), 'test_recall': array([0.11111111, 0.05882353, 0.23529412])})
('KNN Results: ', {'score_time': array([580.59060907, 498.10236382, 551.13884187]), 'fit_time': array([2.12852502, 2.11592102, 2.12648511]), 'test_precision': array([0., 0., 0.]), 'test_f1': array([0., 0., 0.]), 'test_recall': array([0., 0., 0.])})
('KNN Results: ', {'score_time': array([579.65133286, 558.1703229 , 553.56481194]), 'fit_time': array([2.89387107, 2.20957804, 2.57034612]), 'test_precision': array([0., 0., 0.]), 'test_f1': array([0., 0., 0.]), 'test_recall': array([0., 0., 0.])})
('CV for PCA', 4000)
('KNN Results: ', {'score_time': array([1102.44691396, 1073.10154295, 1037.09806991]), 'fit_time': array([2.84621406, 3.64375496, 2.90228605]), 'test_precision': array([0.66666667, 0.16666667, 0.5       ]), 'test_f1': array([0.19047619, 0.08695652, 0.32      ]), 'test_recall': array([0.11111111, 0.05882353, 0.23529412])})
('KNN Results: ', {'score_time': array([1008.32398105,  979.8535502 , 1052.30061698]), 'fit_time': array([4.80695486, 2.85429692, 2.82586002]), 'test_precision': array([0., 0., 0.]), 'test_f1': array([0., 0., 0.]), 'test_recall': array([0., 0., 0.])})
('KNN Results: ', {'score_time': array([1072.3930409 , 1049.82123899, 1092.16746306]), 'fit_time': array([3.02934504, 2.96388483, 3.19839907]), 'test_precision': array([0., 0., 0.]), 'test_f1': array([0., 0., 0.]), 'test_recall': array([0., 0., 0.])})
('CV for PCA', 1)
('For C value in Linear', 1)
('Variable C in Linear', {'score_time': array([0.01146984, 0.0123601 , 0.01187921]), 'fit_time': array([0.07433605, 0.08780003, 0.08674884]), 'test_precision': array([0., 0., 0.]), 'test_f1': array([0., 0., 0.]), 'test_recall': array([0., 0., 0.])})
('For C value in Linear', 10)
('Variable C in Linear', {'score_time': array([0.01224685, 0.017308  , 0.02086401]), 'fit_time': array([22.43516111, 92.5188601 , 19.05655909]), 'test_precision': array([0., 0., 0.]), 'test_f1': array([0., 0., 0.]), 'test_recall': array([0., 0., 0.])})
('For C value in Linear', 50)
('Variable C in Linear', {'score_time': array([0.01199889, 0.01197505, 0.01317   ]), 'fit_time': array([44.29415107, 56.33836102, 30.26421499]), 'test_precision': array([0., 0., 0.]), 'test_f1': array([0., 0., 0.]), 'test_recall': array([0., 0., 0.])})
('For C value in Linear', 100)
('Variable C in Linear', {'score_time': array([0.01561999, 0.01224279, 0.01213503]), 'fit_time': array([100.28116703, 145.57084918,  41.93240809]), 'test_precision': array([0., 0., 0.]), 'test_f1': array([0., 0., 0.]), 'test_recall': array([0., 0., 0.])})
('For C value in Linear', 150)
('Variable C in Linear', {'score_time